<?xml version="1.0" encoding="utf-8"?><testsuites name="pytest tests"><testsuite name="pytest" errors="0" failures="0" skipped="1" tests="127" time="36.227" timestamp="2026-09-08T22:53:34.690658+07:00" hostname="DESKTOP-0KPRSEV"><testcase classname="tests.test_adapters" name="test_preupdate_logits_and_grad_scope[source]" time="0.010" /><testcase classname="tests.test_adapters" name="test_preupdate_logits_and_grad_scope[norm]" time="0.005" /><testcase classname="tests.test_adapters" name="test_preupdate_logits_and_grad_scope[tent]" time="0.008" /><testcase classname="tests.test_adapters" name="test_preupdate_logits_and_grad_scope[sar]" time="0.007" /><testcase classname="tests.test_adapters" name="test_tent_matches_pinned_reference_over_momentum_steps" time="0.076" /><testcase classname="tests.test_adapters" name="test_sar_matches_pinned_reference_nonempty_no_recovery" time="0.048" /><testcase classname="tests.test_adapters" name="test_snapshot_resume_exact_including_momentum_and_aux[tent]" time="0.025" /><testcase classname="tests.test_adapters" name="test_snapshot_resume_exact_including_momentum_and_aux[sar]" time="0.039" /><testcase classname="tests.test_adapters" name="test_component_reset_isolation[parameters]" time="0.011" /><testcase classname="tests.test_adapters" name="test_component_reset_isolation[optimizer]" time="0.012" /><testcase classname="tests.test_adapters" name="test_component_reset_isolation[buffers]" time="0.012" /><testcase classname="tests.test_adapters" name="test_component_reset_isolation[aux]" time="0.012" /><testcase classname="tests.test_adapters" name="test_cold_reset_exact_replay[source]" time="0.007" /><testcase classname="tests.test_adapters" name="test_cold_reset_exact_replay[norm]" time="0.008" /><testcase classname="tests.test_adapters" name="test_cold_reset_exact_replay[tent]" time="0.019" /><testcase classname="tests.test_adapters" name="test_cold_reset_exact_replay[sar]" time="0.035" /><testcase classname="tests.test_adapters" name="test_no_reliable_samples_safely_skip" time="0.006" /><testcase classname="tests.test_adapters" name="test_second_pass_failure_restores_perturbation[unreliable]" time="0.006" /><testcase classname="tests.test_adapters" name="test_second_pass_failure_restores_perturbation[nonfinite]" time="0.007" /><testcase classname="tests.test_adapters" name="test_second_pass_failure_restores_perturbation[exception]" time="0.006" /><testcase classname="tests.test_adapters" name="test_sar_recovery_clears_momentum_but_retains_upstream_ema" time="0.008" /><testcase classname="tests.test_adapters" name="test_sar_exclusions_include_torchvision_vit_names" time="0.004" /><testcase classname="tests.test_adapters" name="test_invalid_components_and_methods" time="0.004" /><testcase classname="tests.test_analysis" name="test_scenario_and_seed_reuse_do_not_inflate_panel_count" time="0.025" /><testcase classname="tests.test_analysis" name="test_one_shared_panel_has_no_ci_but_retains_seed_variation" time="0.023" /><testcase classname="tests.test_analysis" name="test_reset_contrasts_match_scenarios_before_aggregation" time="0.007" /><testcase classname="tests.test_analysis" name="test_duplicate_trajectory_cannot_silently_overweight_results" time="0.002" /><testcase classname="tests.test_analysis" name="test_performance_references_pair_seed_scenario_and_direction_before_aggregation" time="0.014" /><testcase classname="tests.test_analysis" name="test_factorial_contrasts_have_declared_scale_and_require_complete_cells" time="0.005" /><testcase classname="tests.test_analysis" name="test_outcome_groups_align_ids_and_choose_first_ids" time="0.002" /><testcase classname="tests.test_analysis" name="test_missing_results_do_not_create_empirical_values" time="0.545" /><testcase classname="tests.test_analysis" name="test_unfinished_run_cannot_produce_partial_empirical_report" time="0.010" /><testcase classname="tests.test_analysis" name="test_missing_status_is_not_silently_treated_as_completed" time="0.004" /><testcase classname="tests.test_analysis" name="test_full_pipeline_uses_only_temporary_fixture" time="1.190" /><testcase classname="tests.test_backbones" name="test_factory_smoke_explicitly_disables_pretrained_default[resnet50]" time="0.001" /><testcase classname="tests.test_backbones" name="test_factory_smoke_explicitly_disables_pretrained_default[vit_b_16]" time="0.001" /><testcase classname="tests.test_backbones" name="test_real_untrained_backbone_update_and_exact_resume[tent-resnet50-shape0]" time="0.654" /><testcase classname="tests.test_backbones" name="test_real_untrained_backbone_update_and_exact_resume[tent-vit_b_16-shape1]" time="2.678" /><testcase classname="tests.test_backbones" name="test_real_untrained_backbone_update_and_exact_resume[sar-resnet50-shape0]" time="0.889" /><testcase classname="tests.test_backbones" name="test_real_untrained_backbone_update_and_exact_resume[sar-vit_b_16-shape1]" time="4.158" /><testcase classname="tests.test_cloud_plan" name="test_cloud_plan_counts_and_never_loads_weights_or_images" time="0.005" /><testcase classname="tests.test_cloud_plan" name="test_plan_rejects_incoherent_matrix[prefix_images-1000]" time="0.005" /><testcase classname="tests.test_cloud_plan" name="test_plan_rejects_incoherent_matrix[suffix_images-1000]" time="0.004" /><testcase classname="tests.test_cloud_plan" name="test_plan_rejects_incoherent_matrix[washout_images_max-500]" time="0.005" /><testcase classname="tests.test_cloud_plan" name="test_plan_rejects_incoherent_matrix[independent_panels-0]" time="0.004" /><testcase classname="tests.test_cloud_plan" name="test_plan_rejects_incoherent_matrix[scenarios_per_panel-2.5]" time="0.004" /><testcase classname="tests.test_cloud_plan" name="test_plan_rejects_out_of_tail_washout_and_adapter_alias_collision" time="0.004" /><testcase classname="tests.test_cloud_plan" name="test_b32_full_index_all_stages_and_reused_scenarios" time="1.743" /><testcase classname="tests.test_cloud_plan" name="test_manifest_builder_output_passes_cloud_validation" time="1.188" /><testcase classname="tests.test_cloud_plan" name="test_index_record_must_match_document_even_after_index_is_rehashed[panel_sha256-0000000000000000000000000000000000000000000000000000000000000000]" time="0.250" /><testcase classname="tests.test_cloud_plan" name="test_index_record_must_match_document_even_after_index_is_rehashed[manifest_sha256-0000000000000000000000000000000000000000000000000000000000000000]" time="0.185" /><testcase classname="tests.test_cloud_plan" name="test_index_record_must_match_document_even_after_index_is_rehashed[panel_id-renamed]" time="0.174" /><testcase classname="tests.test_cloud_plan" name="test_index_record_must_match_document_even_after_index_is_rehashed[scenario-other]" time="0.166" /><testcase classname="tests.test_cloud_plan" name="test_index_record_must_match_document_even_after_index_is_rehashed[seed-999]" time="0.164" /><testcase classname="tests.test_cloud_plan" name="test_index_record_must_match_document_even_after_index_is_rehashed[severity-4]" time="0.161" /><testcase classname="tests.test_cloud_plan" name="test_distinct_panel_ids_cannot_hide_reused_images" time="0.180" /><testcase classname="tests.test_cloud_plan" name="test_same_panel_scenarios_cannot_move_images_between_roles" time="0.183" /><testcase classname="tests.test_cloud_plan" name="test_hash_coverage_and_repeated_path_digests_are_never_skipped[missing]" time="0.177" /><testcase classname="tests.test_cloud_plan" name="test_hash_coverage_and_repeated_path_digests_are_never_skipped[empty]" time="0.170" /><testcase classname="tests.test_cloud_plan" name="test_hash_coverage_and_repeated_path_digests_are_never_skipped[conflicting_cached_digest]" time="0.176" /><testcase classname="tests.test_cloud_plan" name="test_actual_image_bytes_and_document_bytes_are_verified" time="0.160" /><testcase classname="tests.test_cloud_plan" name="test_actual_matrix_must_match_planned_statistical_units_and_sizes[independent_panels-3]" time="0.170" /><testcase classname="tests.test_cloud_plan" name="test_actual_matrix_must_match_planned_statistical_units_and_sizes[scenarios_per_panel-3]" time="0.187" /><testcase classname="tests.test_cloud_plan" name="test_actual_matrix_must_match_planned_statistical_units_and_sizes[prefix_images-8]" time="0.183" /><testcase classname="tests.test_cloud_plan" name="test_actual_matrix_must_match_planned_statistical_units_and_sizes[washout_images_max-4]" time="0.185" /><testcase classname="tests.test_cloud_plan" name="test_actual_matrix_must_match_planned_statistical_units_and_sizes[suffix_images-4]" time="0.177" /><testcase classname="tests.test_cloud_plan" name="test_duplicate_output_identity_and_invalid_class_mapping" time="0.181" /><testcase classname="tests.test_cloud_plan" name="test_unsupported_schema_and_invalid_evaluator_labels" time="0.184" /><testcase classname="tests.test_cloud_plan" name="test_tiny_class_fixture_allowed_only_without_production_planning" time="0.169" /><testcase classname="tests.test_cloud_plan" name="test_production_rejects_unpinned_mapping_digest_and_wrong_synset_order" time="0.159" /><testcase classname="tests.test_cloud_plan" name="test_actual_factory_requests_configured_weight_enum_without_download[resnet50-ResNet50_Weights]" time="0.001" /><testcase classname="tests.test_cloud_plan" name="test_actual_factory_requests_configured_weight_enum_without_download[vit_b_16-ViT_B_16_Weights]" time="0.001" /><testcase classname="tests.test_cloud_plan" name="test_weight_mismatch_fails_before_factory_or_download[IMAGENET1K_V2]" time="0.004" /><testcase classname="tests.test_cloud_plan" name="test_weight_mismatch_fails_before_factory_or_download[DEFAULT]" time="0.004" /><testcase classname="tests.test_cloud_plan" name="test_weight_mismatch_fails_before_factory_or_download[None]" time="0.004" /><testcase classname="tests.test_evaluate" name="test_metrics_match_closed_form_and_extreme_logits" time="0.001" /><testcase classname="tests.test_evaluate" name="test_complete_saved_fixture_audits_metrics_ids_and_manifest" time="0.035" /><testcase classname="tests.test_evaluate" name="test_saved_artifact_tampering_is_rejected[scalar]" time="0.028" /><testcase classname="tests.test_evaluate" name="test_saved_artifact_tampering_is_rejected[labels]" time="0.027" /><testcase classname="tests.test_evaluate" name="test_saved_artifact_tampering_is_rejected[id_order]" time="0.026" /><testcase classname="tests.test_evaluate" name="test_saved_artifact_tampering_is_rejected[duplicate_file]" time="0.026" /><testcase classname="tests.test_evaluate" name="test_complete_marker_cannot_hide_missing_mandatory_cell" time="0.030" /><testcase classname="tests.test_evaluate" name="test_cli_returns_nonzero_for_inconsistent_metrics" time="0.253" /><testcase classname="tests.test_prepare_data" name="test_extract_selects_severity_partition_and_is_idempotent" time="0.340" /><testcase classname="tests.test_prepare_data" name="test_hostile_path_rejected_before_any_extraction[../escape]" time="0.022" /><testcase classname="tests.test_prepare_data" name="test_hostile_path_rejected_before_any_extraction[/absolute]" time="0.017" /><testcase classname="tests.test_prepare_data" name="test_hostile_path_rejected_before_any_extraction[C:/escape]" time="0.016" /><testcase classname="tests.test_prepare_data" name="test_hostile_path_rejected_before_any_extraction[a\\escape]" time="0.015" /><testcase classname="tests.test_prepare_data" name="test_hostile_path_rejected_before_any_extraction[ok/../../escape]" time="0.015" /><testcase classname="tests.test_prepare_data" name="test_hostile_path_rejected_before_any_extraction[a/NUL]" time="0.014" /><testcase classname="tests.test_prepare_data" name="test_unselected_links_and_devices_rejected[2]" time="0.014" /><testcase classname="tests.test_prepare_data" name="test_unselected_links_and_devices_rejected[1]" time="0.015" /><testcase classname="tests.test_prepare_data" name="test_unselected_links_and_devices_rejected[3]" time="0.014" /><testcase classname="tests.test_prepare_data" name="test_unselected_links_and_devices_rejected[4]" time="0.014" /><testcase classname="tests.test_prepare_data" name="test_unselected_links_and_devices_rejected[6]" time="0.017" /><testcase classname="tests.test_prepare_data" name="test_duplicate_archive_member_and_checksum_failure" time="0.018" /><testcase classname="tests.test_prepare_data" name="test_disk_check_blocks_extraction" time="0.018" /><testcase classname="tests.test_prepare_data" name="test_pilot_panels_are_disjoint_and_immutable" time="3.350" /><testcase classname="tests.test_prepare_data" name="test_missing_variant_image_fails_instead_of_intersecting" time="0.850" /><testcase classname="tests.test_prepare_data" name="test_wrong_class_order_is_rejected" time="0.388" /><testcase classname="tests.test_prepare_data" name="test_insufficient_pilot_never_draws_reserve" time="0.255" /><testcase classname="tests.test_prepare_data" name="test_relative_paths_and_labels_do_not_determine_id_selection" time="1.405" /><testcase classname="tests.test_prepare_data" name="test_duplicate_basename_across_classes_rejected" time="0.534" /><testcase classname="tests.test_prepare_data" name="test_corrupt_provenance_and_unknown_archive_rejected" time="0.401" /><testcase classname="tests.test_prepare_data" name="test_nested_destination_symlink_rejected" time="0.019"><skipped type="pytest.skip" message="Windows symlink privilege unavailable; traversal cases remain tested">C:\Study\Project\New folder\tests\test_prepare_data.py:227: Windows symlink privilege unavailable; traversal cases remain tested</skipped></testcase><testcase classname="tests.test_prepare_data" name="test_selective_archive_to_manifest_integration" time="3.345" /><testcase classname="tests.test_prepare_data" name="test_mapping_download_refuses_changed_payload" time="0.004" /><testcase classname="tests.test_protocol" name="test_prefix_multiset_and_base_id_disjointness" time="0.002" /><testcase classname="tests.test_protocol" name="test_reject_rebatched_history_even_same_image_multiset" time="0.001" /><testcase classname="tests.test_protocol" name="test_metrics_known_probabilities_and_signed_intervals" time="0.004" /><testcase classname="tests.test_protocol" name="test_split_and_corruption_reproducibility" time="0.001" /><testcase classname="tests.test_protocol" name="test_end_to_end_label_isolation_and_complete_controls" time="1.344" /><testcase classname="tests.test_protocol" name="test_washout_uses_last_batches" time="0.072" /><testcase classname="tests.test_runner_resilience" name="test_common_tail_dropout_and_random_inputs_are_position_independent" time="0.017" /><testcase classname="tests.test_runner_resilience" name="test_stochastic_execute_panel_controls_and_saved_images" time="0.574" /><testcase classname="tests.test_runner_resilience" name="test_disk_junction_restores_rng_optimizer_and_immutable_anchor[tent-0]" time="0.113" /><testcase classname="tests.test_runner_resilience" name="test_disk_junction_restores_rng_optimizer_and_immutable_anchor[tent-3]" time="0.110" /><testcase classname="tests.test_runner_resilience" name="test_disk_junction_restores_rng_optimizer_and_immutable_anchor[sar-0]" time="0.089" /><testcase classname="tests.test_runner_resilience" name="test_disk_junction_restores_rng_optimizer_and_immutable_anchor[sar-3]" time="0.105" /><testcase classname="tests.test_runner_resilience" name="test_checkpoint_rejects_wrong_config_manifest_source_and_corruption" time="0.058" /><testcase classname="tests.test_runner_resilience" name="test_failure_keeps_batch_identity_partial_trace_and_raw_state[nonfinite]" time="0.038" /><testcase classname="tests.test_runner_resilience" name="test_failure_keeps_batch_identity_partial_trace_and_raw_state[exception]" time="0.040" /><testcase classname="tests.test_runner_resilience" name="test_sanity_source_checkpoint_collision_is_rejected_before_training" time="0.007" /><testcase classname="tests.test_sar_recovery_comparison" name="test_instrumentation_matches_untouched_reference_on_ordinary_updates" time="0.069" /><testcase classname="tests.test_sar_recovery_comparison" name="test_intrinsic_recovery_is_observed_without_modifying_reference" time="0.024" /><testcase classname="tests.test_sar_recovery_comparison" name="test_empty_filtering_is_detected_as_invalid_not_ordinary_parity" time="0.025" /><testcase classname="tests.test_sar_recovery_comparison" name="test_existing_result_output_is_never_overwritten" time="0.007" /></testsuite></testsuites>